<?xml version="1.0" encoding="UTF-8"?>
<!-- Generated by org.testng.reporters.JUnitReportReporter -->
<testsuite hostname="DESKTOP-V876IOA" failures="0" tests="1" name="qsp1.Extent" time="0.734" errors="0" timestamp="2023-05-27T15:35:48 IST" skipped="0">
  <testcase classname="qsp1.Extent" name="test1" time="0.734"/>
  <system-out/>
</testsuite> <!-- qsp1.Extent -->
