<?xml version="1.0" encoding="UTF-8"?>
<!-- Generated by org.testng.reporters.JUnitReportReporter -->
<testsuite hostname="DESKTOP-V876IOA" failures="0" tests="1" name="basicframework.Runner_class" time="11.282" errors="0" timestamp="2023-05-18T14:32:16 IST" skipped="0">
  <testcase classname="basicframework.Runner_class" name="validlogin" time="11.282"/>
  <system-out/>
</testsuite> <!-- basicframework.Runner_class -->
