<?xml version="1.0" encoding="UTF-8"?>
<!-- Generated by org.testng.reporters.JUnitReportReporter -->
<testsuite hostname="DESKTOP-V876IOA" failures="0" tests="1" name="project.Testscriptpom" time="65.108" errors="0" timestamp="2023-05-18T14:20:08 IST" skipped="0">
  <testcase classname="project.Testscriptpom" name="login" time="65.108"/>
  <system-out/>
</testsuite> <!-- project.Testscriptpom -->
