<?xml version="1.0" encoding="UTF-8"?>
<!-- Generated by org.testng.reporters.JUnitReportReporter -->
<testsuite hostname="DESKTOP-V876IOA" failures="0" tests="1" name="qsp1.Log1" time="0.055" errors="0" timestamp="2023-05-27T15:28:34 IST" skipped="0">
  <testcase classname="qsp1.Log1" name="test1" time="0.055"/>
  <system-out/>
</testsuite> <!-- qsp1.Log1 -->
