<?xml version="1.0" encoding="UTF-8"?>
<!-- Generated by org.testng.reporters.JUnitReportReporter -->
<testsuite hostname="DESKTOP-V876IOA" failures="0" tests="2" name="basicframework.Parallel_execution" time="65.375" errors="0" timestamp="2023-05-20T12:02:53 IST" skipped="0">
  <testcase classname="basicframework.Parallel_execution" name="test1" time="14.935"/>
  <system-out/>
  <testcase classname="basicframework.Parallel_execution" name="test1" time="50.440"/>
  <system-out/>
</testsuite> <!-- basicframework.Parallel_execution -->
