<?xml version="1.0" encoding="UTF-8"?>
<!-- Generated by org.testng.reporters.JUnitReportReporter -->
<testsuite hostname="DESKTOP-V876IOA" failures="0" tests="2" name="assignment.Data2" time="0.021" errors="0" timestamp="2023-05-19T15:38:21 IST" skipped="0">
  <testcase classname="assignment.Data2" name="test2" time="0.017"/>
  <system-out/>
  <testcase classname="assignment.Data2" name="test3" time="0.004"/>
  <system-out/>
</testsuite> <!-- assignment.Data2 -->
