<?xml version="1.0" encoding="UTF-8"?>
<!-- Generated by org.testng.reporters.JUnitReportReporter -->
<testsuite hostname="DESKTOP-V876IOA" failures="0" tests="1" name="project.Conta" time="11.829" errors="0" timestamp="2023-05-17T14:13:45 IST" skipped="0">
  <testcase classname="project.Conta" name="asser" time="11.829"/>
  <system-out/>
</testsuite> <!-- project.Conta -->
