<?xml version="1.0" encoding="UTF-8"?>
<!-- Generated by org.testng.reporters.JUnitReportReporter -->
<testsuite hostname="DESKTOP-V876IOA" failures="0" tests="1" name="project.Assertion1" time="12.836" errors="0" timestamp="2023-05-17T14:12:14 IST" skipped="0">
  <testcase classname="project.Assertion1" name="asser" time="12.836"/>
  <system-out/>
</testsuite> <!-- project.Assertion1 -->
