<?xml version="1.0" encoding="UTF-8"?>
<!-- Generated by org.testng.reporters.JUnitReportReporter -->
<testsuite hostname="DESKTOP-V876IOA" failures="0" tests="1" name="project.Testscript" time="10.581" errors="0" timestamp="2023-05-15T15:44:55 IST" skipped="0">
  <testcase classname="project.Testscript" name="validlogin" time="10.581"/>
  <system-out/>
</testsuite> <!-- project.Testscript -->
