<?xml version="1.0" encoding="UTF-8"?>
<!-- Generated by org.testng.reporters.JUnitReportReporter -->
<testsuite hostname="DESKTOP-V876IOA" failures="0" tests="1" name="basicframework.Test1" time="0.011" errors="0" timestamp="2023-05-20T11:45:45 IST" skipped="0">
  <testcase classname="basicframework.Test1" name="data" time="0.011"/>
  <system-out/>
</testsuite> <!-- basicframework.Test1 -->
